Arguments: 
  /usr/local/Cellar/node/15.1.0/bin/node /usr/local/Cellar/yarn/1.22.10/libexec/bin/yarn.js install

PATH: 
  /usr/local/bin:/usr/bin:/bin:/usr/sbin:/sbin:/Library/Apple/usr/bin

Yarn version: 
  1.22.10

Node version: 
  15.1.0

Platform: 
  darwin x64

Trace: 
  SyntaxError: /Users/tolu/Desktop/Dev/buycoins-challenge/package.json: Unexpected token } in JSON at position 1273
      at JSON.parse (<anonymous>)
      at /usr/local/Cellar/yarn/1.22.10/libexec/lib/cli.js:1625:59
      at Generator.next (<anonymous>)
      at step (/usr/local/Cellar/yarn/1.22.10/libexec/lib/cli.js:310:30)
      at /usr/local/Cellar/yarn/1.22.10/libexec/lib/cli.js:321:13

npm manifest: 
  {
    "name": "starter-files",
    "version": "1.0.0",
    "description": "",
    "main": "./js/entry.js",
    "scripts": {
      "test": "jasmine",
      "build": "gulp build",
      "start": "gulp start"
    },
    "repository": {
      "type": "git",
      "url": "git+https://github.com/tolulawson/starter.git"
    },
    "author": "",
    "license": "ISC",
    "bugs": {
      "url": "https://github.com/tolulawson/starter/issues"
    },
    "homepage": "https://github.com/tolulawson/starter#readme",
    "devDependencies": {
      "@babel/core": "^7.10.2",
      "@babel/preset-env": "^7.10.2",
      "browser-sync": "^2.26.3",
      "browserify": "^16.5.1",
      "eslint": "^7.2.0",
      "eslint-config-airbnb-base": "^14.2.0",
      "eslint-config-google": "^0.14.0",
      "eslint-plugin-import": "^2.21.2",
      "gulp": "^4.0.2",
      "gulp-autoprefixer": "^7.0.1",
      "gulp-babel": "^8.0.0",
      "gulp-clean-css": "^4.3.0",
      "gulp-cssnano": "^2.1.3",
      "gulp-htmlmin": "^5.0.1",
      "gulp-image": "^6.2.0",
      "gulp-minify-css": "^1.2.4",
      "gulp-postcss": "^8.0.0",
      "gulp-sass": "^4.1.0",
      "gulp-sourcemaps": "^2.6.5",
      "gulp-uglify": "^3.0.2",
      "jasmine": "^3.5.0",
      "js-yaml": "^3.13.1",
      "vinyl-source-stream": "^2.0.0"
    },
    "dependencies": {
      "gulp-jasmine-browser": "^4.1.0",
    }
  }

yarn manifest: 
  No manifest

Lockfile: 
  No lockfile
